[debug] ----------------------------------------------------------------------
[debug] Command:      C:\Program Files\nodejs\node.exe C:\Users\Thomas\AppData\Roaming\npm\node_modules\firebase-tools\bin\firebase deploy
[debug] CLI Version:  3.5.0
[debug] Platform:     win32
[debug] Node Version: v7.6.0
[debug] Time:         Sun Apr 02 2017 20:32:09 GMT-0500 (SA Pacific Standard Time)
[debug] ----------------------------------------------------------------------
[debug] 
[debug] > command requires scopes: ["email","openid","https://www.googleapis.com/auth/cloudplatformprojects.readonly","https://www.googleapis.com/auth/firebase","https://www.googleapis.com/auth/cloud-platform"]
[debug] >>> HTTP REQUEST GET https://admin.firebase.com/v1/projects/first-3ef14  
 Sun Apr 02 2017 20:32:09 GMT-0500 (SA Pacific Standard Time)
[debug] <<< HTTP RESPONSE 200
[debug] >>> HTTP REQUEST GET https://admin.firebase.com/v1/database/first-3ef14/tokens  
 Sun Apr 02 2017 20:32:10 GMT-0500 (SA Pacific Standard Time)
[debug] <<< HTTP RESPONSE 200
[info] 
[info] === Deploying to 'first-3ef14'...
[info] 
[info] i  deploying database, functions, hosting
[info] +  database: rules ready to deploy.
[debug] > [functions] package.json contents: {
  "name": "functions",
  "description": "Cloud Functions for Firebase",
  "dependencies": {
    "firebase-admin": "^4.1.2",
    "firebase-functions": "^0.5",
    "@google-cloud/storage": "^0.4.0",
    "child-process-promise": "^2.2.0",
    "mkdirp": "^0.5.1",
    "mkdirp-promise": "^4.0.0"
  },
  "private": true
}
[info] i  functions: ensuring necessary APIs are enabled...
[info] i  runtimeconfig: ensuring necessary APIs are enabled...
[debug] >>> HTTP REQUEST GET https://servicemanagement.googleapis.com/v1/services/cloudfunctions.googleapis.com/projectSettings/first-3ef14?view=CONSUMER_VIEW  
 Sun Apr 02 2017 20:32:12 GMT-0500 (SA Pacific Standard Time)
[debug] >>> HTTP REQUEST GET https://servicemanagement.googleapis.com/v1/services/runtimeconfig.googleapis.com/projectSettings/first-3ef14?view=CONSUMER_VIEW  
 Sun Apr 02 2017 20:32:12 GMT-0500 (SA Pacific Standard Time)
