[debug] ----------------------------------------------------------------------
[debug] Command:      C:\Program Files\nodejs\node.exe C:\Users\Thomas\AppData\Roaming\npm\node_modules\firebase-tools\bin\firebase deploy
[debug] CLI Version:  3.5.0
[debug] Platform:     win32
[debug] Node Version: v7.6.0
[debug] Time:         Sun Mar 26 2017 13:33:46 GMT-0500 (SA Pacific Standard Time)
[debug] ----------------------------------------------------------------------
[debug] 
[debug] > command requires scopes: ["email","openid","https://www.googleapis.com/auth/cloudplatformprojects.readonly","https://www.googleapis.com/auth/firebase","https://www.googleapis.com/auth/cloud-platform"]
[debug] >>> HTTP REQUEST GET https://admin.firebase.com/v1/projects/millsytest  
 Sun Mar 26 2017 13:33:46 GMT-0500 (SA Pacific Standard Time)
[debug] <<< HTTP RESPONSE 200
[debug] >>> HTTP REQUEST GET https://admin.firebase.com/v1/database/millsytest/tokens  
 Sun Mar 26 2017 13:33:47 GMT-0500 (SA Pacific Standard Time)
[debug] <<< HTTP RESPONSE 200
[info] 
[info] === Deploying to 'millsytest'...
[info] 
[info] i  deploying database, functions, hosting
[info] +  database: rules ready to deploy.
[debug] > [functions] package.json contents: {
  "name": "functions",
  "description": "Cloud Functions for Firebase",
  "dependencies": {
    "firebase-admin": "^4.1.2",
    "firebase-functions": "^0.5"
  },
  "private": true
}
[info] i  functions: ensuring necessary APIs are enabled...
[info] i  runtimeconfig: ensuring necessary APIs are enabled...
[debug] >>> HTTP REQUEST GET https://servicemanagement.googleapis.com/v1/services/cloudfunctions.googleapis.com/projectSettings/millsytest?view=CONSUMER_VIEW  
 Sun Mar 26 2017 13:33:48 GMT-0500 (SA Pacific Standard Time)
[debug] >>> HTTP REQUEST GET https://servicemanagement.googleapis.com/v1/services/runtimeconfig.googleapis.com/projectSettings/millsytest?view=CONSUMER_VIEW  
 Sun Mar 26 2017 13:33:48 GMT-0500 (SA Pacific Standard Time)
[debug] <<< HTTP RESPONSE 200
[warn] !  functions: missing necessary APIs. Enabling now...
[debug] >>> HTTP REQUEST PATCH https://servicemanagement.googleapis.com/v1/services/cloudfunctions.googleapis.com/projectSettings/millsytest?updateMask=usageSettings { usageSettings: { consumerEnableStatus: 'ENABLED' } } 
 Sun Mar 26 2017 13:33:49 GMT-0500 (SA Pacific Standard Time)
[debug] <<< HTTP RESPONSE 200
[warn] !  runtimeconfig: missing necessary APIs. Enabling now...
[debug] >>> HTTP REQUEST PATCH https://servicemanagement.googleapis.com/v1/services/runtimeconfig.googleapis.com/projectSettings/millsytest?updateMask=usageSettings { usageSettings: { consumerEnableStatus: 'ENABLED' } } 
 Sun Mar 26 2017 13:33:49 GMT-0500 (SA Pacific Standard Time)
[debug] <<< HTTP RESPONSE 200
[debug] <<< HTTP RESPONSE 200
[debug] >>> HTTP REQUEST GET https://servicemanagement.googleapis.com/v1/services/runtimeconfig.googleapis.com/projectSettings/millsytest?view=CONSUMER_VIEW  
 Sun Mar 26 2017 13:34:00 GMT-0500 (SA Pacific Standard Time)
[debug] <<< HTTP RESPONSE 200
[info] +  runtimeconfig: all necessary APIs are enabled
[debug] >>> HTTP REQUEST GET https://servicemanagement.googleapis.com/v1/services/cloudfunctions.googleapis.com/projectSettings/millsytest?view=CONSUMER_VIEW  
 Sun Mar 26 2017 13:34:01 GMT-0500 (SA Pacific Standard Time)
[debug] <<< HTTP RESPONSE 200
[info] i  functions: waiting for APIs to activate...
[debug] >>> HTTP REQUEST GET https://servicemanagement.googleapis.com/v1/services/cloudfunctions.googleapis.com/projectSettings/millsytest?view=CONSUMER_VIEW  
 Sun Mar 26 2017 13:34:12 GMT-0500 (SA Pacific Standard Time)
[debug] <<< HTTP RESPONSE 200
[info] i  functions: waiting for APIs to activate...
[debug] >>> HTTP REQUEST GET https://servicemanagement.googleapis.com/v1/services/cloudfunctions.googleapis.com/projectSettings/millsytest?view=CONSUMER_VIEW  
 Sun Mar 26 2017 13:34:22 GMT-0500 (SA Pacific Standard Time)
[debug] <<< HTTP RESPONSE 200
[info] i  functions: waiting for APIs to activate...
[debug] >>> HTTP REQUEST GET https://servicemanagement.googleapis.com/v1/services/cloudfunctions.googleapis.com/projectSettings/millsytest?view=CONSUMER_VIEW  
 Sun Mar 26 2017 13:34:33 GMT-0500 (SA Pacific Standard Time)
[debug] <<< HTTP RESPONSE 200
[info] i  functions: waiting for APIs to activate...
[debug] >>> HTTP REQUEST GET https://servicemanagement.googleapis.com/v1/services/cloudfunctions.googleapis.com/projectSettings/millsytest?view=CONSUMER_VIEW  
 Sun Mar 26 2017 13:34:43 GMT-0500 (SA Pacific Standard Time)
[debug] <<< HTTP RESPONSE 200
[info] i  functions: waiting for APIs to activate...
